[2025-04-22 10:55:06] INFO: Starting ETL pipeline...
[2025-04-22 10:55:07] INFO: Connecting to SQL Server...
[2025-04-22 10:55:08] INFO: ✅ Connection successful!
[2025-04-22 10:55:09] INFO: Reading Excel file...
[2025-04-22 10:55:11] INFO: ✅ Creating cross join of products and customers...
[2025-04-22 10:55:12] INFO: ✅ Merging with Sheet2 data...
[2025-04-22 10:55:14] INFO: ✅ Saving to Excel...
[2025-04-22 10:55:15] INFO: ✅ Excel file saved to: C:\Users\Data Analyst\Downloads\Merged_Final_ETL_2025.xlsx
[2025-04-22 10:55:16] INFO: ✅ Preparing data for SQL upload...
[2025-04-22 10:55:17] INFO: ✅ Dropped existing table Listing_Output (if it existed)
[2025-04-22 10:55:18] INFO: ✅ Created table Listing_Output
[2025-04-22 10:55:19] INFO: ✅ Inserting 199180 rows in batches of 1000...

[2025-04-22 10:55:20] INFO: ✅ Inserted rows 0 to 1000
[2025-04-22 10:55:21] INFO: ✅ Inserted rows 1000 to 2000
[2025-04-22 10:55:22] INFO: ✅ Inserted rows 2000 to 3000
...
[2025-04-22 10:57:12] INFO: ✅ Inserted rows 198000 to 199000
[2025-04-22 10:57:13] INFO: ✅ Inserted rows 199000 to 199180
[2025-04-22 10:57:14] INFO: ✅ Successfully inserted all 199180 rows into Listing_Output

[2025-04-22 10:57:15] INFO: ✅ ETL Complete!
[2025-04-22 10:57:16] INFO: ✅ Data uploaded to SQL Table: Listing_Output in [TH_Primary_Sales_Data] database.
[2025-04-22 10:57:17] INFO: ✅ Row count in SQL table: 199180
[2025-04-22 10:57:18] INFO: ETL pipeline finished successfully!